(0000) 2000  0010000000000000 (   6)                 .ORIG x2000
(2000) 3019  0011000000011001 (   7)                 ST    R0 SR0
(2001) 3219  0011001000011001 (   8)                 ST    R1 SR1
(2002) A011  1010000000010001 (   9)                 LDI   R0 KBDR
(2003) 2212  0010001000010010 (  11)                 LD    R1 NegA
(2004) 1240  0001001001000000 (  12)                 ADD   R1 R1 R0
(2005) 040A  0000010000001010 (  13)                 BRZ   Valid
(2006) 2210  0010001000010000 (  14)                 LD    R1 NegC
(2007) 1240  0001001001000000 (  15)                 ADD   R1 R1 R0
(2008) 0407  0000010000000111 (  16)                 BRZ   Valid
(2009) 220E  0010001000001110 (  17)                 LD    R1 NegG
(200A) 1240  0001001001000000 (  18)                 ADD   R1 R1 R0
(200B) 0404  0000010000000100 (  19)                 BRZ   Valid
(200C) 220C  0010001000001100 (  20)                 LD    R1 NegU
(200D) 1240  0001001001000000 (  21)                 ADD   R1 R1 R0
(200E) 0401  0000010000000001 (  22)                 BRZ   Valid
(200F) 0E01  0000111000000001 (  23)                 BRNZP Invalid
(2010) B004  1011000000000100 (  24) Valid           STI   R0 Glob
(2011) 2008  0010000000001000 (  25) Invalid         LD    R0 SR0
(2012) 2208  0010001000001000 (  26)                 LD    R1 SR1
(2013) 8000  1000000000000000 (  27)                 RTI   
(2014) FE02  1111111000000010 (  28) KBDR            .FILL xFE02
(2015) 2600  0010011000000000 (  29) Glob            .FILL x2600
(2016) FFBF  1111111110111111 (  30) NegA            .FILL xFFBF
(2017) FFBD  1111111110111101 (  31) NegC            .FILL xFFBD
(2018) FFB9  1111111110111001 (  32) NegG            .FILL xFFB9
(2019) FFAB  1111111110101011 (  33) NegU            .FILL xFFAB
(201A) 0000  0000000000000000 (  35) SR0             .FILL x0000
(201B) 0000  0000000000000000 (  36) SR1             .FILL x0000
