(0000) 4000  0100000000000000 (   7)                 .ORIG x4000
(4000) 2C55  0010110001010101 (  10)                 LD    R6 STACK
(4001) 2055  0010000001010101 (  13)                 LD    R0 ISR1
(4002) B055  1011000001010101 (  14)                 STI   R0 INTERRUPT
(4003) 5020  0101000000100000 (  15)                 AND   R0 R0 #0
(4004) B056  1011000001010110 (  16)                 STI   R0 CHAR
(4005) A053  1010000001010011 (  19)                 LDI   R0 KBSR
(4006) 2253  0010001001010011 (  20)                 LD    R1 ADDVALUE
(4007) 5020  0101000000100000 (  21)                 AND   R0 R0 #0
(4008) 1001  0001000000000001 (  22)                 ADD   R0 R0 R1
(4009) B04F  1011000001001111 (  23)                 STI   R0 KBSR
(400A) 5020  0101000000100000 (  26) StartOver       AND   R0 R0 #0
(400B) B04F  1011000001001111 (  27)                 STI   R0 CHAR
(400C) A04E  1010000001001110 (  28) Wait4A          LDI   R0 CHAR
(400D) 05FE  0000010111111110 (  29)                 BRZ   Wait4A
(400E) F021  1111000000100001 (  30)                 TRAP  x21
(400F) 224C  0010001001001100 (  31) MaybeA          LD    R1 A
(4010) 1240  0001001001000000 (  32)                 ADD   R1 R1 R0
(4011) 0BF8  0000101111111000 (  33)                 BRNP  StartOver
(4012) B248  1011001001001000 (  36)                 STI   R1 CHAR
(4013) A047  1010000001000111 (  37) Wait4U          LDI   R0 CHAR
(4014) 05FE  0000010111111110 (  38)                 BRZ   Wait4U
(4015) F021  1111000000100001 (  39)                 TRAP  x21
(4016) 2246  0010001001000110 (  40) MaybeU          LD    R1 U
(4017) 1240  0001001001000000 (  41)                 ADD   R1 R1 R0
(4018) 0BF6  0000101111110110 (  42)                 BRNP  MaybeA
(4019) B241  1011001001000001 (  43)                 STI   R1 CHAR
(401A) B240  1011001001000000 (  46)                 STI   R1 CHAR
(401B) A03F  1010000000111111 (  47) Wait4G          LDI   R0 CHAR
(401C) 05FE  0000010111111110 (  48)                 BRZ   Wait4G
(401D) F021  1111000000100001 (  49)                 TRAP  x21
(401E) 223F  0010001000111111 (  50) MaybeG          LD    R1 G
(401F) 1240  0001001001000000 (  51)                 ADD   R1 R1 R0
(4020) 0BEE  0000101111101110 (  52)                 BRNP  MaybeA
(4021) B239  1011001000111001 (  53)                 STI   R1 CHAR
(4022) 203D  0010000000111101 (  56)                 LD    R0 PIPE
(4023) F021  1111000000100001 (  57)                 TRAP  x21
(4024) 5260  0101001001100000 (  59) Loop            AND   R1 R1 #0
(4025) B235  1011001000110101 (  61)                 STI   R1 CHAR
(4026) A034  1010000000110100 (  62) Wait4Char       LDI   R0 CHAR
(4027) 05FE  0000010111111110 (  63)                 BRZ   Wait4Char
(4028) F021  1111000000100001 (  64)                 TRAP  x21
(4029) 2233  0010001000110011 (  66) IsU             LD    R1 U
(402A) 1240  0001001001000000 (  67)                 ADD   R1 R1 R0
(402B) 0BF8  0000101111111000 (  68)                 BRNP  Loop
(402C) B22E  1011001000101110 (  69)                 STI   R1 CHAR
(402D) A02D  1010000000101101 (  70) WAIT            LDI   R0 CHAR
(402E) 05FE  0000010111111110 (  71)                 BRZ   WAIT
(402F) F021  1111000000100001 (  72)                 TRAP  x21
(4030) 222E  0010001000101110 (  74)                 LD    R1 C
(4031) 1240  0001001001000000 (  75)                 ADD   R1 R1 R0
(4032) 05F1  0000010111110001 (  76)                 BRZ   Loop
(4033) 222A  0010001000101010 (  78)                 LD    R1 G
(4034) 1240  0001001001000000 (  79)                 ADD   R1 R1 R0
(4035) 0411  0000010000010001 (  80)                 BRZ   IsG
(4036) 2225  0010001000100101 (  82)                 LD    R1 A
(4037) 1240  0001001001000000 (  83)                 ADD   R1 R1 R0
(4038) 0BF0  0000101111110000 (  84)                 BRNP  IsU
(4039) B221  1011001000100001 (  86)                 STI   R1 CHAR
(403A) A020  1010000000100000 (  87) WAIT1           LDI   R0 CHAR
(403B) 05FE  0000010111111110 (  88)                 BRZ   WAIT1
(403C) F021  1111000000100001 (  89)                 TRAP  x21
(403D) 2220  0010001000100000 (  91)                 LD    R1 G
(403E) 1240  0001001001000000 (  92)                 ADD   R1 R1 R0
(403F) 0415  0000010000010101 (  93)                 BRZ   DONE
(4040) 221B  0010001000011011 (  95)                 LD    R1 A
(4041) 1240  0001001001000000 (  96)                 ADD   R1 R1 R0
(4042) 0412  0000010000010010 (  97)                 BRZ   DONE
(4043) 221B  0010001000011011 (  99)                 LD    R1 C
(4044) 1240  0001001001000000 ( 100)                 ADD   R1 R1 R0
(4045) 05DE  0000010111011110 ( 101)                 BRZ   Loop
(4046) 0BE2  0000101111100010 ( 102)                 BRNP  IsU
(4047) B213  1011001000010011 ( 104) IsG             STI   R1 CHAR
(4048) A012  1010000000010010 ( 105) WAIT2           LDI   R0 CHAR
(4049) 05FE  0000010111111110 ( 106)                 BRZ   WAIT2
(404A) F021  1111000000100001 ( 107)                 TRAP  x21
(404B) 2210  0010001000010000 ( 109)                 LD    R1 A
(404C) 1240  0001001001000000 ( 110)                 ADD   R1 R1 R0
(404D) 0407  0000010000000111 ( 111)                 BRZ   DONE
(404E) 2210  0010001000010000 ( 113)                 LD    R1 C
(404F) 1240  0001001001000000 ( 114)                 ADD   R1 R1 R0
(4050) 05D3  0000010111010011 ( 115)                 BRZ   Loop
(4051) 220C  0010001000001100 ( 117)                 LD    R1 G
(4052) 1240  0001001001000000 ( 118)                 ADD   R1 R1 R0
(4053) 05D0  0000010111010000 ( 119)                 BRZ   Loop
(4054) 0FD4  0000111111010100 ( 121)                 BRNZP IsU
(4055) F025  1111000000100101 ( 124) DONE            TRAP  x25
(4056) 4000  0100000000000000 ( 125) STACK           .FILL x4000
(4057) 2000  0010000000000000 ( 126) ISR1            .FILL x2000
(4058) 0180  0000000110000000 ( 127) INTERRUPT       .FILL x0180
(4059) FE00  1111111000000000 ( 128) KBSR            .FILL xFE00
(405A) 4000  0100000000000000 ( 129) ADDVALUE        .FILL x4000
(405B) 2600  0010011000000000 ( 130) CHAR            .FILL x2600
(405C) FFBF  1111111110111111 ( 131) A               .FILL xFFBF
(405D) FFAB  1111111110101011 ( 132) U               .FILL xFFAB
(405E) FFB9  1111111110111001 ( 133) G               .FILL xFFB9
(405F) FFBD  1111111110111101 ( 134) C               .FILL xFFBD
(4060) 007C  0000000001111100 ( 135) PIPE            .FILL x007C
